<?xml version="1.0" encoding="UTF-8"?>
<!-- Generated by org.testng.reporters.JUnitReportReporter -->
<testsuite hostname="DESKTOP-CN9J5GB" failures="0" tests="2" name="test_Cases.Admin_Dashboard" time="48.780" errors="0" timestamp="2024-11-27T14:18:05 IST" skipped="0">
  <testcase classname="test_Cases.Admin_Dashboard" name="actionRequired" time="37.017"/>
  <testcase classname="test_Cases.Admin_Dashboard" name="reportsDisplayed" time="11.763"/>
</testsuite> <!-- test_Cases.Admin_Dashboard -->
